Summary of SPARK analysis
=========================

-------------------------------------------------------------------------------------------------------
SPARK Analysis results        Total       Flow   Interval   CodePeer     Provers   Justified   Unproved
-------------------------------------------------------------------------------------------------------
Data Dependencies                 .          .          .          .           .           .          .
Flow Dependencies                 .          .          .          .           .           .          .
Initialization                    3          3          .          .           .           .          .
Non-Aliasing                      .          .          .          .           .           .          .
Run-time Checks                   2          .          .          .    2 (CVC4)           .          .
Assertions                        2          .          .          .    2 (CVC4)           .          .
Functional Contracts              1          .          .          .    1 (CVC4)           .          .
LSP Verification                  .          .          .          .           .           .          .
-------------------------------------------------------------------------------------------------------
Total                             8    3 (38%)          .          .     5 (63%)           .          .


Analyzed 4 units
in unit assertions, 0 subprograms and packages out of 4 analyzed
  Assertions.Assert_False at assertions.ads:7 skipped
  Assertions.Assert_False at assertions.ads:13 skipped
  Assertions.Assert_True at assertions.ads:4 skipped
  Assertions.Assert_True at assertions.ads:10 skipped
in unit primeraentrega, 2 subprograms and packages out of 6 analyzed
  primeraentrega at primeraentrega.ads:1 flow analyzed (0 errors, 0 checks and 0 warnings) and proved (0 checks)
  primeraentrega.encuentraCoincidencia at primeraentrega.ads:26 skipped
  primeraentrega.mayoresN at primeraentrega.ads:7 skipped
  primeraentrega.multArray at primeraentrega.ads:18 skipped
  primeraentrega.restaArray at primeraentrega.ads:22 skipped
  primeraentrega.sumaContenido at primeraentrega.ads:11 flow analyzed (0 errors, 0 checks and 0 warnings) and proved (5 checks)
in unit run_test, 0 subprograms and packages out of 1 analyzed
  Run_Test at run_test.adb:3 skipped
in unit test_primeraentrega, 0 subprograms and packages out of 1 analyzed
  test_primeraentrega at test_primeraentrega.adb:5 skipped
